20170115-014454 - >>--------------------->>
20170115-014454 - Docker image with Home Assistant 'latest' (version )
20170115-014454 - Docker image with Home Assistant  has already been built & pushed
20170115-014454 - >>--------------------->>
20170115-014624 - >>--------------------->>
20170115-014624 - Docker image with Home Assistant 'latest' (version )
20170115-014624 - Docker image with Home Assistant  has already been built & pushed
20170115-014624 - >>--------------------->>
20170115-014844 - >>--------------------->>
20170115-014845 - Docker image with Home Assistant 'latest' (version 0.35.3)
20170115-014845 - Building zmitchell/rpi-home-assistant:0.35.3
20170115-015744 - Pushing zmitchell/rpi-home-assistant:0.35.3
20170115-015749 - Tagging zmitchell/rpi-home-assistant:0.35.3 with latest
20170115-015749 - Pushing zmitchell/rpi-home-assistant:latest
20170115-015757 - >>--------------------->>
20170115-021158 - >>--------------------->>
20170115-021159 - Docker image with Home Assistant 'latest' (version 0.35.3)
20170115-021159 - Docker image with Home Assistant 0.35.3 has already been built & pushed
20170115-021159 - >>--------------------->>
20170115-021628 - >>--------------------->>
20170115-021629 - Docker image with Home Assistant 'latest' (version 0.35.3)
20170115-021629 - Docker image with Home Assistant 0.35.3 has already been built & pushed
20170115-021629 - >>--------------------->>
